[2026-07-03 22:05:16.501507] System initialized
[2026-07-03 22:06:35.409472] Failed login attempt for aizaz - invalid token
[2026-07-03 22:13:37.721606] Failed login attempt for admin - invalid token
[2026-07-03 22:42:12.204346] Failed login attempt for admin - invalid token
[2026-07-03 22:42:37.595199] Failed login attempt for user1 - invalid token
[2026-07-03 23:31:16.494466] Failed login attempt for admin - invalid token
[2026-07-03 23:51:00.517303] User admin logged in successfully
[2026-07-03 23:51:05.029623] Invoice INV-004 created by admin
[2026-07-03 23:51:51.048703] User admin logged in successfully
[2026-07-03 23:56:57.972828] User admin logged in successfully
[2026-07-03 23:57:02.893667] Invoice INV-005 created by admin
[2026-07-03 23:57:22.049761] User admin logged in successfully
[2026-07-03 23:57:26.382400] Invoice INV-006 created by admin
[2026-07-04 00:49:08.925659] User admin logged in successfully
[2026-07-04 00:49:55.763595] Invoice INV-007 created by admin
[2026-07-04 00:50:04.306583] Search performed by admin for 'aizaz'
[2026-07-04 00:50:41.217449] User admin logged in successfully
[2026-07-04 00:50:45.580601] Invoice INV-008 created by admin
[2026-07-04 13:12:46.265476] User admin logged in successfully
[2026-07-04 13:12:53.845296] Invoice INV-009 created by admin
